
[pid=54282] cmd="mkdir test_dir " status=0
[pid=54315] cmd="pwd " status=0
[pid=54380] cmd="rmdir test_dir " status=0
[pid=54421] cmd="ls " status=0
[pid=54494] cmd="ls -l " status=0
[pid=54495] cmd="ls " status=0
[pid=54528] cmd="cat " status=0
[pid=54602] cmd="echo "append data" " status=0
[pid=54626] cmd="cat out.txt " status=0
[pid=54731] cmd="ls -l " status=0
[pid=54732] cmd="grep myshell " status=0
[pid=54805] cmd="sleep 3 " status=0
[pid=54814] cmd="ls " status=0
[pid=54911] cmd="sleep 10 " status=2
[pid=55492] cmd="mkdir test_dir " status=0
[pid=55517] cmd="pwd " status=0
[pid=55550] cmd="rmdir test_dir " status=0
[pid=55579] cmd="ls -l " status=0
[pid=55604] cmd="cat " status=0
[pid=55661] cmd="echo "append data" " status=0
[pid=55670] cmd="cat out.txt " status=0
[pid=55723] cmd="ls -l " status=0
[pid=55724] cmd="grep myshell " status=0
